-------------------------------------------------
 nench.sh v2019.07.20 -- https://git.io/nench.sh
 benchmark timestamp:    2019-09-25 13:33:45 UTC
-------------------------------------------------

Processor:    AMD EPYC 7551 32-Core Processor
CPU cores:    2
Frequency:    1996.249 MHz
RAM:          7.8G
Swap:         -
Kernel:       Linux 4.15.0-1021-oracle x86_64

Disks:
loop0   88.7M  HDD
loop1   14.1M  HDD
sda   46.6G  HDD

CPU: SHA256-hashing 500 MB
    3.488 seconds
CPU: bzip2-compressing 500 MB
    7.221 seconds
CPU: AES-encrypting 500 MB
    1.284 seconds

ioping: seek rate
    min/avg/max/mdev = 394.9 us / 660.0 us / 22.1 ms / 456.6 us
ioping: sequential read speed
    generated 1.19 k requests in 5.00 s, 298.5 MiB, 238 iops, 59.7 MiB/s

dd: sequential write speed
    1st run:    48.83 MiB/s
    2nd run:    49.11 MiB/s
    3rd run:    49.02 MiB/s
    average:    48.99 MiB/s

IPv4 speedtests
    your IPv4:    132.145.120.xxxx

    Cachefly CDN:         22.60 MiB/s
    Leaseweb (NL):        0.30 MiB/s
    Softlayer DAL (US):   0.00 MiB/s
    Online.net (FR):      1.09 MiB/s
    OVH BHS (CA):         14.00 MiB/s

No IPv6 connectivity detected
-------------------------------------------------

-------------------------------------------------
 nench.sh v2019.07.20 -- https://git.io/nench.sh
 benchmark timestamp:    2019-09-25 13:35:56 UTC
-------------------------------------------------

Processor:    AMD EPYC 7551 32-Core Processor
CPU cores:    2
Frequency:    1996.249 MHz
RAM:          7.8G
Swap:         -
Kernel:       Linux 4.15.0-1021-oracle x86_64

Disks:
loop0   88.7M  HDD
loop1   14.1M  HDD
sda   46.6G  HDD

CPU: SHA256-hashing 500 MB
    3.479 seconds
CPU: bzip2-compressing 500 MB
    7.196 seconds
CPU: AES-encrypting 500 MB
    1.290 seconds

ioping: seek rate
    min/avg/max/mdev = 390.7 us / 633.4 us / 96.1 ms / 1.13 ms
ioping: sequential read speed
    generated 1.24 k requests in 5.01 s, 309.2 MiB, 247 iops, 61.8 MiB/s

dd: sequential write speed
    1st run:    48.83 MiB/s
    2nd run:    49.11 MiB/s
    3rd run:    49.11 MiB/s
    average:    49.02 MiB/s

IPv4 speedtests
    your IPv4:    132.145.120.xxxx

    Cachefly CDN:         21.16 MiB/s
    Leaseweb (NL):        0.31 MiB/s
    Softlayer DAL (US):   0.00 MiB/s
    Online.net (FR):      2.57 MiB/s
    OVH BHS (CA):         11.54 MiB/s

No IPv6 connectivity detected
-------------------------------------------------

