-------------------------------------------------
 nench.sh v2019.07.20 -- https://git.io/nench.sh
 benchmark timestamp:    2020-01-08 18:20:26 UTC
-------------------------------------------------

Processor:    Intel(R) Xeon(R) Platinum 8167M CPU @ 2.00GHz
CPU cores:    2
Frequency:    1995.312 MHz
RAM:          14G
Swap:         8.0G
Kernel:       Linux 4.15.0-1031-oracle x86_64

Disks:
loop0   89.1M  HDD
loop1   17.3M  HDD
sda   46.6G  HDD

CPU: SHA256-hashing 500 MB
    3.905 seconds
CPU: bzip2-compressing 500 MB
    7.526 seconds
CPU: AES-encrypting 500 MB
    1.558 seconds

ioping: seek rate
    min/avg/max/mdev = 336.9 us / 561.2 us / 20.0 ms / 430.0 us
ioping: sequential read speed
    generated 1.17 k requests in 5.00 s, 291.2 MiB, 232 iops, 58.2 MiB/s

dd: sequential write speed
    1st run:    48.83 MiB/s
    2nd run:    49.11 MiB/s
    3rd run:    49.11 MiB/s
    average:    49.02 MiB/s

IPv4 speedtests
    your IPv4:    140.238.12.xxxx

    Cachefly CDN:         12.96 MiB/s
    Leaseweb (NL):        0.18 MiB/s
    Softlayer DAL (US):   5.46 MiB/s
    Online.net (FR):      0.57 MiB/s
    OVH BHS (CA):         10.71 MiB/s

No IPv6 connectivity detected
-------------------------------------------------

-------------------------------------------------
 nench.sh v2019.07.20 -- https://git.io/nench.sh
 benchmark timestamp:    2020-01-08 18:22:53 UTC
-------------------------------------------------

Processor:    Intel(R) Xeon(R) Platinum 8167M CPU @ 2.00GHz
CPU cores:    2
Frequency:    1995.312 MHz
RAM:          14G
Swap:         8.0G
Kernel:       Linux 4.15.0-1031-oracle x86_64

Disks:
loop0   89.1M  HDD
loop1   17.3M  HDD
sda   46.6G  HDD

CPU: SHA256-hashing 500 MB
    3.861 seconds
CPU: bzip2-compressing 500 MB
    7.491 seconds
CPU: AES-encrypting 500 MB
    1.555 seconds

ioping: seek rate
    ioping: sequential read speed
    
dd: sequential write speed
    1st run:    50.93 MiB/s
    2nd run:    49.11 MiB/s
    3rd run:    49.11 MiB/s
    average:    49.72 MiB/s

IPv4 speedtests
    your IPv4:    140.238.12.xxxx

    Cachefly CDN:         16.37 MiB/s
    Leaseweb (NL):        9.43 MiB/s
    Softlayer DAL (US):   7.28 MiB/s
    Online.net (FR):      0.67 MiB/s
    OVH BHS (CA):         7.89 MiB/s

No IPv6 connectivity detected
-------------------------------------------------

