-------------------------------------------------
 nench.sh v2019.07.20 -- https://git.io/nench.sh
 benchmark timestamp:    2019-09-24 11:49:40 UTC
-------------------------------------------------

Processor:    Intel(R) Xeon(R) Platinum 8167M CPU @ 2.00GHz
CPU cores:    2
Frequency:    1995.312 MHz
RAM:          14G
Swap:         -
Kernel:       Linux 4.15.0-1021-oracle x86_64

Disks:
loop0   88.7M  HDD
loop1   14.1M  HDD
sda   46.6G  HDD

CPU: SHA256-hashing 500 MB
    3.821 seconds
CPU: bzip2-compressing 500 MB
    7.002 seconds
CPU: AES-encrypting 500 MB
    1.556 seconds

ioping: seek rate
    min/avg/max/mdev = 351.5 us / 563.0 us / 139.7 ms / 2.01 ms
ioping: sequential read speed
    generated 1.14 k requests in 5.00 s, 285.8 MiB, 228 iops, 57.1 MiB/s

dd: sequential write speed
    1st run:    48.83 MiB/s
    2nd run:    49.11 MiB/s
    3rd run:    49.11 MiB/s
    average:    49.02 MiB/s

IPv4 speedtests
    your IPv4:    140.238.1.xxxx

    Cachefly CDN:         17.52 MiB/s
    Leaseweb (NL):        9.32 MiB/s
    Softlayer DAL (US):   0.00 MiB/s
    Online.net (FR):      3.70 MiB/s
    OVH BHS (CA):         11.50 MiB/s

No IPv6 connectivity detected
-------------------------------------------------

-------------------------------------------------
 nench.sh v2019.07.20 -- https://git.io/nench.sh
 benchmark timestamp:    2019-09-24 11:51:51 UTC
-------------------------------------------------

Processor:    Intel(R) Xeon(R) Platinum 8167M CPU @ 2.00GHz
CPU cores:    2
Frequency:    1995.312 MHz
RAM:          14G
Swap:         -
Kernel:       Linux 4.15.0-1021-oracle x86_64

Disks:
loop0   88.7M  HDD
loop1   14.1M  HDD
sda   46.6G  HDD

CPU: SHA256-hashing 500 MB
    3.808 seconds
CPU: bzip2-compressing 500 MB
    6.935 seconds
CPU: AES-encrypting 500 MB
    1.546 seconds

ioping: seek rate
    min/avg/max/mdev = 367.2 us / 523.5 us / 21.1 ms / 346.1 us
ioping: sequential read speed
    generated 1.22 k requests in 5.01 s, 305.8 MiB, 244 iops, 61.1 MiB/s

dd: sequential write speed
    1st run:    48.83 MiB/s
    2nd run:    49.11 MiB/s
    3rd run:    49.11 MiB/s
    average:    49.02 MiB/s

IPv4 speedtests
    your IPv4:    140.238.1.xxxx

    Cachefly CDN:         17.26 MiB/s
    Leaseweb (NL):        9.34 MiB/s
    Softlayer DAL (US):   0.00 MiB/s
    Online.net (FR):      5.09 MiB/s
    OVH BHS (CA):         5.38 MiB/s

No IPv6 connectivity detected
-------------------------------------------------

