-------------------------------------------------
 nench.sh v2019.06.29 -- https://git.io/nench.sh
 benchmark timestamp:    2019-07-11 12:44:29 UTC
-------------------------------------------------

Processor:    Intel(R) Core(TM) i5-7260U CPU @ 2.20GHz
CPU cores:    4
Frequency:    2208.000 MHz
RAM:          2.9G
Swap:         3.8G
Kernel:       Linux 4.15.0-54-generic x86_64

Disks:
loop0   88.5M  HDD
loop1   88.4M  HDD
loop2  376.2M  HDD
loop3  375.9M  HDD
sda     32G  SSD

CPU: SHA256-hashing 500 MB
    2.586 seconds
CPU: bzip2-compressing 500 MB
    4.519 seconds
CPU: AES-encrypting 500 MB
    0.952 seconds

ioping: seek rate
    min/avg/max/mdev = 50.1 us / 125.7 us / 1.44 ms / 18.8 us
ioping: sequential read speed
    generated 8.56 k requests in 5.00 s, 2.09 GiB, 1.71 k iops, 428.0 MiB/s

dd: sequential write speed
    1st run:    462.53 MiB/s
    2nd run:    456.81 MiB/s
    3rd run:    473.02 MiB/s
    average:    464.12 MiB/s

IPv4 speedtests
    your IPv4:    1.224.121.xxxx

    Cachefly CDN:         25.16 MiB/s
    Leaseweb (NL):        0.27 MiB/s
    Softlayer DAL (US):   7.80 MiB/s
    Online.net (FR):      0.04 MiB/s
    OVH BHS (CA):         0.07 MiB/s

No IPv6 connectivity detected
-------------------------------------------------

-------------------------------------------------
 nench.sh v2019.06.29 -- https://git.io/nench.sh
 benchmark timestamp:    2019-07-11 12:45:42 UTC
-------------------------------------------------

Processor:    Intel(R) Core(TM) i5-7260U CPU @ 2.20GHz
CPU cores:    4
Frequency:    2208.000 MHz
RAM:          2.9G
Swap:         3.8G
Kernel:       Linux 4.15.0-54-generic x86_64

Disks:
loop0   88.5M  HDD
loop1   88.4M  HDD
loop2  376.2M  HDD
loop3  375.9M  HDD
sda     32G  SSD

CPU: SHA256-hashing 500 MB
    2.694 seconds
CPU: bzip2-compressing 500 MB
    4.612 seconds
CPU: AES-encrypting 500 MB
    1.048 seconds

ioping: seek rate
    min/avg/max/mdev = 47.4 us / 128.1 us / 7.03 ms / 57.2 us
ioping: sequential read speed
    generated 7.99 k requests in 5.00 s, 1.95 GiB, 1.60 k iops, 399.5 MiB/s

dd: sequential write speed
    1st run:    457.76 MiB/s
    2nd run:    459.67 MiB/s
    3rd run:    466.35 MiB/s
    average:    461.26 MiB/s

IPv4 speedtests
    your IPv4:    1.224.121.xxxx

    Cachefly CDN:         3.59 MiB/s
    Leaseweb (NL):        1.74 MiB/s
    Softlayer DAL (US):   11.61 MiB/s
    Online.net (FR):      0.03 MiB/s
    OVH BHS (CA):         0.05 MiB/s

No IPv6 connectivity detected
-------------------------------------------------

