-------------------------------------------------
 nench.sh v2019.07.20 -- https://git.io/nench.sh
 benchmark timestamp:    2020-01-08 18:17:53 UTC
-------------------------------------------------

Processor:    Intel(R) Xeon(R) CPU E5-2620 v3 @ 2.40GHz
CPU cores:    4
Frequency:    2399.998 MHz
RAM:          7.8Gi
Swap:         2.0Gi
Kernel:       Linux 5.0.0-38-generic x86_64

Disks:
sda    200G  HDD

CPU: SHA256-hashing 500 MB
    5.791 seconds
CPU: bzip2-compressing 500 MB
    9.389 seconds
CPU: AES-encrypting 500 MB
    2.214 seconds

ioping: seek rate
    min/avg/max/mdev = 35.6 us / 151.0 us / 100.9 ms / 863.6 us
ioping: sequential read speed
    generated 13.5 k requests in 5.00 s, 3.29 GiB, 2.69 k iops, 672.8 MiB/s

dd: sequential write speed
    1st run:    167.85 MiB/s
    2nd run:    102.04 MiB/s
    3rd run:    91.17 MiB/s
    average:    120.35 MiB/s

IPv4 speedtests
    your IPv4:    5.189.137.xxxx

    Cachefly CDN:         21.67 MiB/s
    Leaseweb (NL):        13.21 MiB/s
    Softlayer DAL (US):   0.31 MiB/s
    Online.net (FR):      20.71 MiB/s
    OVH BHS (CA):         17.59 MiB/s

No IPv6 connectivity detected
-------------------------------------------------

-------------------------------------------------
 nench.sh v2019.07.20 -- https://git.io/nench.sh
 benchmark timestamp:    2020-01-08 18:19:28 UTC
-------------------------------------------------

Processor:    Intel(R) Xeon(R) CPU E5-2620 v3 @ 2.40GHz
CPU cores:    4
Frequency:    2399.998 MHz
RAM:          7.8Gi
Swap:         2.0Gi
Kernel:       Linux 5.0.0-38-generic x86_64

Disks:
sda    200G  HDD

CPU: SHA256-hashing 500 MB
    4.784 seconds
CPU: bzip2-compressing 500 MB
    8.096 seconds
CPU: AES-encrypting 500 MB
    2.415 seconds

ioping: seek rate
    min/avg/max/mdev = 32.5 us / 89.7 us / 15.3 ms / 198.3 us
ioping: sequential read speed
    generated 14.3 k requests in 5.00 s, 3.48 GiB, 2.85 k iops, 712.7 MiB/s

dd: sequential write speed
    1st run:    169.75 MiB/s
    2nd run:    102.04 MiB/s
    3rd run:    86.78 MiB/s
    average:    119.53 MiB/s

IPv4 speedtests
    your IPv4:    5.189.137.xxxx

    Cachefly CDN:         20.01 MiB/s
    Leaseweb (NL):        19.64 MiB/s
    Softlayer DAL (US):   11.03 MiB/s
    Online.net (FR):      19.25 MiB/s
    OVH BHS (CA):         9.58 MiB/s

No IPv6 connectivity detected
-------------------------------------------------

