-------------------------------------------------
 nench.sh v2019.07.20 -- https://git.io/nench.sh
 benchmark timestamp:    2019-10-31 11:48:11 UTC
-------------------------------------------------

Processor:    Intel(R) Xeon(R) CPU E5-2630 v4 @ 2.20GHz
CPU cores:    10
Frequency:    2199.998 MHz
RAM:          58G
Swap:         8.0G
Kernel:       Linux 4.15.0-50-generic x86_64

Disks:
sda    1.6T  HDD

CPU: SHA256-hashing 500 MB
    4.486 seconds
CPU: bzip2-compressing 500 MB
    7.537 seconds
CPU: AES-encrypting 500 MB
    2.511 seconds

ioping: seek rate
    min/avg/max/mdev = 34.0 us / 66.6 us / 14.9 ms / 117.0 us
ioping: sequential read speed
    generated 27.0 k requests in 5.00 s, 6.58 GiB, 5.39 k iops, 1.32 GiB/s

dd: sequential write speed
    1st run:    124.93 MiB/s
    2nd run:    100.14 MiB/s
    3rd run:    101.09 MiB/s
    average:    108.72 MiB/s

IPv4 speedtests
    your IPv4:    173.212.240.xxxx

    Cachefly CDN:         79.94 MiB/s
    Leaseweb (NL):        3.89 MiB/s
    Softlayer DAL (US):   10.71 MiB/s
    Online.net (FR):      18.76 MiB/s
    OVH BHS (CA):         5.76 MiB/s

No IPv6 connectivity detected
-------------------------------------------------