-------------------------------------------------
 nench.sh v2019.06.29 -- https://git.io/nench.sh
 benchmark timestamp:    2019-07-11 12:42:50 UTC
-------------------------------------------------

Processor:    Intel(R) Core(TM) i7-3930K CPU @ 3.20GHz
CPU cores:    2
Frequency:    3200.042 MHz
RAM:          3.9G
Swap:         2.0G
Kernel:       Linux 4.15.0-54-generic x86_64

Disks:
sda    300G  HDD

CPU: SHA256-hashing 500 MB
    4.674 seconds
CPU: bzip2-compressing 500 MB
    7.162 seconds
CPU: AES-encrypting 500 MB
    2.002 seconds

ioping: seek rate
    min/avg/max/mdev = 121.8 us / 199.6 us / 12.3 ms / 258.2 us
ioping: sequential read speed
    generated 1.57 k requests in 5.01 s, 392.2 MiB, 313 iops, 78.4 MiB/s

dd: sequential write speed
    1st run:    96.32 MiB/s
    2nd run:    98.23 MiB/s
    3rd run:    93.94 MiB/s
    average:    96.16 MiB/s

IPv4 speedtests
    your IPv4:    5.189.137.xxxx

    Cachefly CDN:         11.89 MiB/s
    Leaseweb (NL):        11.44 MiB/s
    Softlayer DAL (US):   4.62 MiB/s
    Online.net (FR):      11.68 MiB/s
    OVH BHS (CA):         4.46 MiB/s

IPv6 speedtests
    your IPv6:    2a02:c207:2022:xxxx

    Leaseweb (NL):        8.61 MiB/s
    Softlayer DAL (US):   0.00 MiB/s
    Online.net (FR):      11.55 MiB/s
    OVH BHS (CA):         7.52 MiB/s
-------------------------------------------------

-------------------------------------------------
 nench.sh v2019.06.29 -- https://git.io/nench.sh
 benchmark timestamp:    2019-07-11 12:45:20 UTC
-------------------------------------------------

Processor:    Intel(R) Core(TM) i7-3930K CPU @ 3.20GHz
CPU cores:    2
Frequency:    3200.042 MHz
RAM:          3.9G
Swap:         2.0G
Kernel:       Linux 4.15.0-54-generic x86_64

Disks:
sda    300G  HDD

CPU: SHA256-hashing 500 MB
    4.439 seconds
CPU: bzip2-compressing 500 MB
    7.306 seconds
CPU: AES-encrypting 500 MB
    1.960 seconds

ioping: seek rate
    min/avg/max/mdev = 121.2 us / 164.0 us / 4.28 ms / 74.8 us
ioping: sequential read speed
    generated 1.66 k requests in 5.00 s, 414.8 MiB, 331 iops, 82.9 MiB/s

dd: sequential write speed
    1st run:    93.08 MiB/s
    2nd run:    98.23 MiB/s
    3rd run:    98.23 MiB/s
    average:    96.51 MiB/s

IPv4 speedtests
    your IPv4:    5.189.137.xxxx

    Cachefly CDN:         11.90 MiB/s
    Leaseweb (NL):        11.73 MiB/s
    Softlayer DAL (US):   9.89 MiB/s
    Online.net (FR):      7.14 MiB/s
    OVH BHS (CA):         6.78 MiB/s

IPv6 speedtests
    your IPv6:    2a02:c207:2022:xxxx

    Leaseweb (NL):        11.62 MiB/s
    Softlayer DAL (US):   0.00 MiB/s
    Online.net (FR):      11.65 MiB/s
    OVH BHS (CA):         10.86 MiB/s
-------------------------------------------------

