-------------------------------------------------
 nench.sh v2019.07.20 -- https://git.io/nench.sh
 benchmark timestamp:    2019-10-31 18:20:24 UTC
-------------------------------------------------

Processor:    Intel(R) Xeon(R) CPU E5-2620 v3 @ 2.40GHz
CPU cores:    4
Frequency:    2399.998 MHz
RAM:          7.8G
Swap:         2.0G
Kernel:       Linux 4.15.0-66-generic x86_64

Disks:
sda    200G  HDD

CPU: SHA256-hashing 500 MB
    4.511 seconds
CPU: bzip2-compressing 500 MB
    6.895 seconds
CPU: AES-encrypting 500 MB
    1.869 seconds

ioping: seek rate
    min/avg/max/mdev = 31.5 us / 65.4 us / 13.4 ms / 94.9 us
ioping: sequential read speed
    generated 12.7 k requests in 5.00 s, 3.10 GiB, 2.54 k iops, 635.2 MiB/s

dd: sequential write speed
    1st run:    146.87 MiB/s
    2nd run:    102.04 MiB/s
    3rd run:    102.04 MiB/s
    average:    116.98 MiB/s

IPv4 speedtests
    your IPv4:    5.189.137.xxxx

    Cachefly CDN:         23.32 MiB/s
    Leaseweb (NL):        1.43 MiB/s
    Softlayer DAL (US):   12.83 MiB/s
    Online.net (FR):      2.36 MiB/s
    OVH BHS (CA):         1.58 MiB/s

No IPv6 connectivity detected
-------------------------------------------------

-------------------------------------------------
 nench.sh v2019.07.20 -- https://git.io/nench.sh
 benchmark timestamp:    2019-10-31 18:22:04 UTC
-------------------------------------------------

Processor:    Intel(R) Xeon(R) CPU E5-2620 v3 @ 2.40GHz
CPU cores:    4
Frequency:    2399.998 MHz
RAM:          7.8G
Swap:         2.0G
Kernel:       Linux 4.15.0-66-generic x86_64

Disks:
sda    200G  HDD

CPU: SHA256-hashing 500 MB
    4.410 seconds
CPU: bzip2-compressing 500 MB
    6.736 seconds
CPU: AES-encrypting 500 MB
    1.807 seconds

ioping: seek rate
    min/avg/max/mdev = 30.4 us / 63.9 us / 19.3 ms / 132.3 us
ioping: sequential read speed
    generated 13.0 k requests in 5.00 s, 3.17 GiB, 2.60 k iops, 649.7 MiB/s

dd: sequential write speed
    1st run:    157.36 MiB/s
    2nd run:    102.04 MiB/s
    3rd run:    102.04 MiB/s
    average:    120.48 MiB/s

IPv4 speedtests
    your IPv4:    5.189.137.xxxx

    Cachefly CDN:         23.60 MiB/s
    Leaseweb (NL):        1.32 MiB/s
    Softlayer DAL (US):   12.04 MiB/s
    Online.net (FR):      17.39 MiB/s
    OVH BHS (CA):         4.27 MiB/s

No IPv6 connectivity detected
-------------------------------------------------

